This is pdfTeX, Version 3.14159265-2.6-1.40.19 (TeX Live 2018/Arch Linux) (preloaded format=pdflatex 2019.4.26)  28 MAY 2019 23:20
entering extended mode
 restricted \write18 enabled.
 %&-line parsing enabled.
**"Wzorce (nie tylko) projektowe.tex"
(./Wzorce (nie tylko) projektowe.tex
LaTeX2e <2018-12-01>
(/usr/share/texmf-dist/tex/latex/base/article.cls
Document Class: article 2018/09/03 v1.4i Standard LaTeX document class
(/usr/share/texmf-dist/tex/latex/base/size12.clo
File: size12.clo 2018/09/03 v1.4i Standard LaTeX file (size option)
)
\c@part=\count80
\c@section=\count81
\c@subsection=\count82
\c@subsubsection=\count83
\c@paragraph=\count84
\c@subparagraph=\count85
\c@figure=\count86
\c@table=\count87
\abovecaptionskip=\skip41
\belowcaptionskip=\skip42
\bibindent=\dimen102
)
(/usr/share/texmf-dist/tex/latex/base/inputenc.sty
Package: inputenc 2018/08/11 v1.3c Input encoding file
\inpenc@prehook=\toks14
\inpenc@posthook=\toks15
)
(/usr/share/texmf-dist/tex/generic/babel/babel.sty
Package: babel 2018/11/13 3.27 The Babel package

(/usr/share/texmf-dist/tex/generic/babel/switch.def
File: switch.def 2018/11/13 3.27 Babel switching mechanism
)
(/usr/share/texmf-dist/tex/generic/babel-polish/polish.ldf
Language: polish 2005/03/31 v1.2l Polish support from the babel system

(/usr/share/texmf-dist/tex/generic/babel/babel.def
File: babel.def 2018/11/13 3.27 Babel common definitions
\babel@savecnt=\count88
\U@D=\dimen103

(/usr/share/texmf-dist/tex/generic/babel/txtbabel.def)
\bbl@dirlevel=\count89
)
Package babel Info: Making " an active character on input line 83.
\pl@left=\dimen104
\pl@down=\dimen105
\pl@right=\dimen106
\pl@temp=\dimen107
))
(/usr/share/texmf-dist/tex/latex/polski/polski.sty
Package: polski 2017/05/04 v1.3.4 Polish language package

   Inputenc package detected. Catcodes not changed.
   Switching to Polish text encoding and Polish maths fonts.
(/usr/share/texmf-dist/tex/latex/base/ot4enc.def
File: ot4enc.def 2018/08/11 v2.0j Standard LaTeX file
Now handling font encoding OT4 ...
... no UTF-8 mapping file for font encoding OT4
)
LaTeX Font Info:    Try loading font information for OT4+cmr on input line 360.


(/usr/share/texmf-dist/tex/latex/polski/ot4cmr.fd
File: ot4cmr.fd 2008/02/24 v1.2.1 Font defs for fonts PL (MW)
)
LaTeX Font Info:    Overwriting math alphabet `\mathbf' in version `normal'
(Font)                  OT1/cmr/bx/n --> OT4/cmr/bx/n on input line 360.
LaTeX Font Info:    Overwriting math alphabet `\mathsf' in version `normal'
(Font)                  OT1/cmss/m/n --> OT4/cmss/m/n on input line 360.
LaTeX Font Info:    Overwriting math alphabet `\mathit' in version `normal'
(Font)                  OT1/cmr/m/it --> OT4/cmr/m/it on input line 360.
LaTeX Font Info:    Overwriting math alphabet `\mathtt' in version `normal'
(Font)                  OT1/cmtt/m/n --> OT4/cmtt/m/n on input line 360.
LaTeX Font Info:    Overwriting math alphabet `\mathsf' in version `bold'
(Font)                  OT1/cmss/bx/n --> OT4/cmss/bx/n on input line 360.
LaTeX Font Info:    Overwriting math alphabet `\mathit' in version `bold'
(Font)                  OT1/cmr/bx/it --> OT4/cmr/bx/it on input line 360.
LaTeX Font Info:    Encoding `OT1' has changed to `OT4' for symbol font
(Font)              `operators' in the math version `normal' on input line 360.

LaTeX Font Info:    Overwriting symbol font `operators' in version `normal'
(Font)                  OT1/cmr/m/n --> OT4/cmr/m/n on input line 360.
LaTeX Font Info:    Overwriting symbol font `letters' in version `normal'
(Font)                  OML/cmm/m/it --> OML/plm/m/it on input line 360.
LaTeX Font Info:    Overwriting symbol font `symbols' in version `normal'
(Font)                  OMS/cmsy/m/n --> OMS/plsy/m/n on input line 360.
LaTeX Font Info:    Overwriting symbol font `largesymbols' in version `normal'
(Font)                  OMX/cmex/m/n --> OMX/plex/m/n on input line 360.
LaTeX Font Info:    Encoding `OT1' has changed to `OT4' for symbol font
(Font)              `operators' in the math version `bold' on input line 360.
LaTeX Font Info:    Overwriting symbol font `operators' in version `bold'
(Font)                  OT1/cmr/bx/n --> OT4/cmr/bx/n on input line 360.
LaTeX Font Info:    Overwriting symbol font `letters' in version `bold'
(Font)                  OML/cmm/b/it --> OML/plm/b/it on input line 360.
LaTeX Font Info:    Overwriting symbol font `symbols' in version `bold'
(Font)                  OMS/cmsy/b/n --> OMS/plsy/b/n on input line 360.
)
(/usr/share/texmf-dist/tex/latex/listings/listings.sty
(/usr/share/texmf-dist/tex/latex/graphics/keyval.sty
Package: keyval 2014/10/28 v1.15 key=value parser (DPC)
\KV@toks@=\toks16
)
\lst@mode=\count90
\lst@gtempboxa=\box27
\lst@token=\toks17
\lst@length=\count91
\lst@currlwidth=\dimen108
\lst@column=\count92
\lst@pos=\count93
\lst@lostspace=\dimen109
\lst@width=\dimen110
\lst@newlines=\count94
\lst@lineno=\count95
\lst@maxwidth=\dimen111

(/usr/share/texmf-dist/tex/latex/listings/lstmisc.sty
File: lstmisc.sty 2018/09/02 1.7 (Carsten Heinz)
\c@lstnumber=\count96
\lst@skipnumbers=\count97
\lst@framebox=\box28
)
(/usr/share/texmf-dist/tex/latex/listings/listings.cfg
File: listings.cfg 2018/09/02 1.7 listings configuration
))
Package: listings 2018/09/02 1.7 (Carsten Heinz)

(/usr/share/texmf-dist/tex/latex/graphics/color.sty
Package: color 2016/07/10 v1.1e Standard LaTeX Color (DPC)

(/usr/share/texmf-dist/tex/latex/graphics-cfg/color.cfg
File: color.cfg 2016/01/02 v1.6 sample color configuration
)
Package color Info: Driver file: pdftex.def on input line 147.

(/usr/share/texmf-dist/tex/latex/graphics-def/pdftex.def
File: pdftex.def 2018/01/08 v1.0l Graphics/color driver for pdftex
))
(/usr/share/texmf-dist/tex/latex/fancyhdr/fancyhdr.sty
Package: fancyhdr 2019/01/31 v3.10 Extensive control of page headers and footer
s
\f@nch@headwidth=\skip43
\f@nch@O@elh=\skip44
\f@nch@O@erh=\skip45
\f@nch@O@olh=\skip46
\f@nch@O@orh=\skip47
\f@nch@O@elf=\skip48
\f@nch@O@erf=\skip49
\f@nch@O@olf=\skip50
\f@nch@O@orf=\skip51
)
(/usr/share/texmf-dist/tex/latex/listings/lstlang1.sty
File: lstlang1.sty 2018/09/02 1.7 listings language file
)
(./Wzorce (nie tylko) projektowe.aux)
\openout1 = `"Wzorce (nie tylko) projektowe.aux"'.

LaTeX Font Info:    Checking defaults for OML/cmm/m/it on input line 39.
LaTeX Font Info:    ... okay on input line 39.
LaTeX Font Info:    Checking defaults for T1/cmr/m/n on input line 39.
LaTeX Font Info:    ... okay on input line 39.
LaTeX Font Info:    Checking defaults for OT1/cmr/m/n on input line 39.
LaTeX Font Info:    ... okay on input line 39.
LaTeX Font Info:    Checking defaults for OMS/cmsy/m/n on input line 39.
LaTeX Font Info:    ... okay on input line 39.
LaTeX Font Info:    Checking defaults for OMX/cmex/m/n on input line 39.
LaTeX Font Info:    ... okay on input line 39.
LaTeX Font Info:    Checking defaults for U/cmr/m/n on input line 39.
LaTeX Font Info:    ... okay on input line 39.
LaTeX Font Info:    Checking defaults for OT4/cmr/m/n on input line 39.
LaTeX Font Info:    ... okay on input line 39.
\c@lstlisting=\count98

(/usr/share/texmf-dist/tex/context/base/mkii/supp-pdf.mkii
[Loading MPS to PDF converter (version 2006.09.02).]
\scratchcounter=\count99
\scratchdimen=\dimen112
\scratchbox=\box29
\nofMPsegments=\count100
\nofMParguments=\count101
\everyMPshowfont=\toks18
\MPscratchCnt=\count102
\MPscratchDim=\dimen113
\MPnumerator=\count103
\makeMPintoPDFobject=\count104
\everyMPtoPDFconversion=\toks19
)
Overfull \hbox (1.10567pt too wide) in paragraph at lines 44--52
\OT4/cmr/m/n/12 Poszukiwaªem ma-te-ria-ªów do tej ksi¡»ki ze szcze-gól-nym uwzg
l¦d-nie-niem przy-
 []


Underfull \hbox (badness 10000) in paragraph at lines 44--52

 []


Package Fancyhdr Warning: \headheight is too small (12.0pt): 
Make it at least 14.49998pt.
We now make it that large for the rest of the document.
This may cause the page layout to be inconsistent, however.

[1

{/var/lib/texmf/fonts/map/pdftex/updmap/pdftex.map}]
LaTeX Font Info:    Try loading font information for OML+plm on input line 52.

(/usr/share/texmf-dist/tex/latex/polski/omlplm.fd
File: omlplm.fd 2008/02/24 v1.2.1 Font defs for fonts PL (MW)
)
LaTeX Font Info:    Try loading font information for OMS+plsy on input line 52.


(/usr/share/texmf-dist/tex/latex/polski/omsplsy.fd
File: omsplsy.fd 2008/02/24 v1.2.1 Font defs for fonts PL (MW)
)
LaTeX Font Info:    Try loading font information for OMX+plex on input line 52.


(/usr/share/texmf-dist/tex/latex/polski/omxplex.fd
File: omxplex.fd 2008/02/24 v1.2.1 Font defs for fonts PL (MW)
)
LaTeX Font Info:    External font `plex10' loaded for size
(Font)              <17.28> on input line 52.
LaTeX Font Info:    External font `plex10' loaded for size
(Font)              <12> on input line 52.
LaTeX Font Info:    External font `plex10' loaded for size
(Font)              <10> on input line 52.
 [2]
LaTeX Font Info:    Try loading font information for OT4+cmtt on input line 62.


(/usr/share/texmf-dist/tex/latex/polski/ot4cmtt.fd
File: ot4cmtt.fd 2008/02/24 v1.2.1 Font defs for fonts PL (MW)
)
(./Chapter01/SingeltonTest/src/eu/godlesie/jgdlws/SingeltonSimple.java)
(./Chapter01/SingeltonTest/src/eu/godlesie/jgdlws/SingeltonWithPrivateConstruct
or.java [3])
(./Chapter01/SingeltonTest/src/eu/godlesie/jgdlws/SingeltonGetInstance.java)
(./Chapter01/SingeltonTest/src/eu/godlesie/jgdlws/SingeltonLazy.java) [4]
(./Chapter01/SingeltonTest/src/eu/godlesie/jgdlws/SingeltonSynchronized.java)
(./Chapter01/SingeltonTest/src/eu/godlesie/jgdlws/SingeltonDoubleCheck.java)
(./Chapter01/SingeltonTest/src/eu/godlesie/jgdlws/SingeltonEnum.java [5])
(./Chapter02/FabricMethod/src/eu/godlesie/jgdlws/Marmolada.java [6])
(./Chapter02/FabricMethod/src/eu/godlesie/jgdlws/Truskawkowa.java)
(./Chapter02/FabricMethod/src/eu/godlesie/jgdlws/Malinowa.java [7])
(./Chapter02/FabricMethod/src/eu/godlesie/jgdlws/MarmoladaFabryka.java)
(./Chapter02/FabricMethod/src/eu/godlesie/jgdlws/FabricMethod.java
Overfull \hbox (39.30627pt too wide) in paragraph at lines 4--5
[][][][][][][][][][][][]  
 []


Overfull \hbox (22.06021pt too wide) in paragraph at lines 6--7
[][][][][][][][][][][][]  
 []

) [8] (./Chapter03/FabrykaAbstrakcyjna/src/eu/godlesie/jgdlws/Marmolada.java)
(./Chapter03/FabrykaAbstrakcyjna/src/eu/godlesie/jgdlws/Truskawkowa.java
[9]) (./Chapter03/FabrykaAbstrakcyjna/src/eu/godlesie/jgdlws/Malinowa.java
[10])
(./Chapter03/FabrykaAbstrakcyjna/src/eu/godlesie/jgdlws/MarmoladaFabrykaAbstrak
cyjna.java)
(./Chapter03/FabrykaAbstrakcyjna/src/eu/godlesie/jgdlws/TruskawkowaFabryka.java
[11])
(./Chapter03/FabrykaAbstrakcyjna/src/eu/godlesie/jgdlws/MalinowaFabryka.java)
(./Chapter03/FabrykaAbstrakcyjna/src/eu/godlesie/jgdlws/MarmoladaFabryka.java)
(./Chapter03/FabrykaAbstrakcyjna/src/eu/godlesie/jgdlws/FabrykaAbstrakcyjna.jav
a [12])
Underfull \hbox (badness 10000) in paragraph at lines 119--121

 []

(./Chapter04/Nlesnikarnia/src/eu/godlesie/jgdlws/NalesnikTeleskop.java [13])
(./Chapter04/Nlesnikarnia/src/eu/godlesie/jgdlws/NalesnikGetSet.java) [14]
(./Chapter04/Nlesnikarnia/src/eu/godlesie/jgdlws/Nalesnik.java) [15]
(./Chapter05/Prototyp/src/eu/godlesie/jgdlws/Marmolada.java [16])
(./Chapter05/Prototyp/src/eu/godlesie/jgdlws/Truskawkowa.java [17])
(./Chapter05/Prototyp/src/eu/godlesie/jgdlws/Prototyp.java [18])
LaTeX Font Info:    Try loading font information for OMS+cmr on input line 167.


(/usr/share/texmf-dist/tex/latex/base/omscmr.fd
File: omscmr.fd 2014/09/29 v2.5h Standard LaTeX font definitions
)
LaTeX Font Info:    Font shape `OMS/cmr/m/n' in size <12> not available
(Font)              Font shape `OMS/cmsy/m/n' tried instead on input line 167.
 [19]
(./Chapter06/Adapter/src/eu/godlesie/jgdlws/Zamowienie.java)
(./Chapter06/Adapter/src/eu/godlesie/jgdlws/Sloiki450.java)
(./Chapter06/Adapter/src/eu/godlesie/jgdlws/Wiaderko3.java [20])
(./Chapter06/Adapter/src/eu/godlesie/jgdlws/Receptura.java)
(./Chapter06/Adapter/src/eu/godlesie/jgdlws/ZamowieniaNaKilogramy.java)
(./Chapter06/Adapter/src/eu/godlesie/jgdlws/AdapterClass.java [21]) [22]
[23]
Overfull \hbox (15.8562pt too wide) in paragraph at lines 203--205
\OT4/cmr/m/n/12 Wzorzec pro-jek-towy de-ko-ra-tora sªu»y do mo-dy-fi-ko-wa-nia 
funk-cjo-nal-no-±ci obiektu
 []


Overfull \hbox (10.8625pt too wide) in paragraph at lines 203--205
\OT4/cmr/m/n/12 U»ywamy dzie-dzi-cze-nia lub kom-po-zy-cji w celu roz-sze-rze-n
ia za-cho-wa-nia obiektu,
 []

[24]
Underfull \hbox (badness 10000) in paragraph at lines 214--216

 []


Package Fancyhdr Warning: \headheight is too small (14.49998pt): 
Make it at least 15.2466pt.
We now make it that large for the rest of the document.
This may cause the page layout to be inconsistent, however.

[25]
Underfull \hbox (badness 10000) in paragraph at lines 219--220

 []


Overfull \hbox (4.98756pt too wide) in paragraph at lines 229--232
\OT4/cmr/m/n/12 Aby za-im-ple-men-to-wa¢ na-sze na-rz¦-dzie sys-temu pli-ków, m
u-simy przede wszyst-
 []

[26]
Underfull \hbox (badness 10000) in paragraph at lines 237--238

 []

[27] [28] (./Wzorce (nie tylko) projektowe.toc [29] [30])
\tf@toc=\write3
\openout3 = `"Wzorce (nie tylko) projektowe.toc"'.


(./Wzorce (nie tylko) projektowe.bbl) [31] (./Wzorce (nie tylko) projektowe.aux
) ) 
Here is how much of TeX's memory you used:
 3675 strings out of 492616
 51510 string characters out of 6135177
 336527 words of memory out of 5000000
 7473 multiletter control sequences out of 15000+600000
 12534 words of font info for 36 fonts, out of 8000000 for 9000
 1141 hyphenation exceptions out of 8191
 35i,12n,43p,956b,1778s stack positions out of 5000i,500n,10000p,200000b,80000s
{/usr/share/texmf-dist/fonts/enc/dvips/pl/pltt.enc}{/usr/share/texmf-dist/fo
nts/enc/dvips/pl/plmi.enc}{/usr/share/texmf-dist/fonts/enc/dvips/pl/plit.enc}{/
usr/share/texmf-dist/fonts/enc/dvips/pl/plrm.enc}</usr/share/texmf-dist/fonts/t
ype1/public/amsfonts/cm/cmbx12.pfb></usr/share/texmf-dist/fonts/type1/public/am
sfonts/cm/cmsy10.pfb></usr/share/texmf-dist/fonts/type1/public/pl/plbx12.pfb></
usr/share/texmf-dist/fonts/type1/public/pl/plmi12.pfb></usr/share/texmf-dist/fo
nts/type1/public/pl/plr12.pfb></usr/share/texmf-dist/fonts/type1/public/pl/plti
12.pfb></usr/share/texmf-dist/fonts/type1/public/pl/pltt10.pfb>
Output written on "Wzorce (nie tylko) projektowe.pdf" (31 pages, 123036 bytes).

PDF statistics:
 136 PDF objects out of 1000 (max. 8388607)
 95 compressed objects within 1 object stream
 0 named destinations out of 1000 (max. 500000)
 1 words of extra memory for PDF output out of 10000 (max. 10000000)

